<?xml version="1.0" encoding="UTF-8"?>
<testng-results skipped="0" failed="0" total="1" passed="1">
  <reporter-output>
  </reporter-output>
  <suite name="Surefire suite" duration-ms="32" started-at="2019-09-17T16:39:23Z" finished-at="2019-09-17T16:39:23Z">
    <groups>
    </groups>
    <test name="Surefire test" duration-ms="32" started-at="2019-09-17T16:39:23Z" finished-at="2019-09-17T16:39:23Z">
      <class name="NewTest1">
        <test-method status="PASS" signature="f()[pri:0, instance:NewTest1@21bcffb5]" name="f" duration-ms="16" started-at="2019-09-17T22:09:23Z" finished-at="2019-09-17T22:09:23Z">
          <reporter-output>
          </reporter-output>
        </test-method> <!-- f -->
      </class> <!-- NewTest1 -->
    </test> <!-- Surefire test -->
  </suite> <!-- Surefire suite -->
</testng-results>
