<?xml version="1.0" encoding="UTF-8"?>
<testng-results skipped="0" failed="0" total="2" passed="2">
  <reporter-output>
  </reporter-output>
  <suite name="Suite1" duration-ms="6070" started-at="2019-09-17T16:01:42Z" finished-at="2019-09-17T16:01:48Z">
    <groups>
      <group name="cucumber">
        <method signature="AbstractTestNGCucumberTests.feature(cucumber.api.testng.CucumberFeatureWrapper)[pri:0, instance:TestRunner@91161c7]" name="feature" class="cucumber.api.testng.AbstractTestNGCucumberTests"/>
      </group> <!-- cucumber -->
    </groups>
    <test name="package" duration-ms="6070" started-at="2019-09-17T16:01:42Z" finished-at="2019-09-17T16:01:48Z">
      <class name="TestRunner">
        <test-method status="PASS" signature="setUpClass()[pri:0, instance:TestRunner@91161c7]" name="setUpClass" is-config="true" duration-ms="936" started-at="2019-09-17T21:31:42Z" finished-at="2019-09-17T21:31:43Z">
          <reporter-output>
          </reporter-output>
        </test-method> <!-- setUpClass -->
        <test-method status="PASS" signature="feature(cucumber.api.testng.CucumberFeatureWrapper)[pri:0, instance:TestRunner@91161c7]" name="feature" duration-ms="2528" started-at="2019-09-17T21:31:43Z" description="Runs Cucumber Feature" data-provider="features" finished-at="2019-09-17T21:31:45Z">
          <params>
            <param index="0">
              <value>
                <![CDATA[Login to Gmail]]>
              </value>
            </param>
          </params>
          <reporter-output>
          </reporter-output>
        </test-method> <!-- feature -->
        <test-method status="PASS" signature="feature(cucumber.api.testng.CucumberFeatureWrapper)[pri:0, instance:TestRunner@91161c7]" name="feature" duration-ms="0" started-at="2019-09-17T21:31:45Z" description="Runs Cucumber Feature" data-provider="features" finished-at="2019-09-17T21:31:45Z">
          <params>
            <param index="0">
              <value>
                <![CDATA[Second feature file]]>
              </value>
            </param>
          </params>
          <reporter-output>
          </reporter-output>
        </test-method> <!-- feature -->
        <test-method status="PASS" signature="writeExtentReport()[pri:0, instance:TestRunner@91161c7]" name="writeExtentReport" is-config="true" duration-ms="983" started-at="2019-09-17T21:31:45Z" finished-at="2019-09-17T21:31:46Z">
          <reporter-output>
          </reporter-output>
        </test-method> <!-- writeExtentReport -->
        <test-method status="PASS" signature="tearDownClass()[pri:0, instance:TestRunner@91161c7]" name="tearDownClass" is-config="true" duration-ms="1139" started-at="2019-09-17T21:31:46Z" finished-at="2019-09-17T21:31:48Z">
          <reporter-output>
          </reporter-output>
        </test-method> <!-- tearDownClass -->
      </class> <!-- TestRunner -->
    </test> <!-- package -->
  </suite> <!-- Suite1 -->
</testng-results>
